<?xml version="1.0" encoding="UTF-8"?>
<!-- Generated by org.testng.reporters.JUnitReportReporter -->
<testsuite skipped="0" hostname="lt" name="Maven.NewTest" tests="1" failures="0" timestamp="2022-07-21T23:22:30 PDT" time="11.360" errors="0">
  <testcase name="f" time="11.360" classname="Maven.NewTest"/>
  <system-out/>
</testsuite> <!-- Maven.NewTest -->
