<?xml version="1.0" encoding="UTF-8"?>
<!-- Generated by org.testng.reporters.JUnitReportReporter -->
<testsuite hostname="lt" failures="0" tests="1" name="Maven.testdemo" time="12.509" errors="0" timestamp="2022-07-21T04:18:04 PDT" skipped="0">
  <testcase classname="Maven.testdemo" name="f" time="12.509"/>
  <system-out/>
</testsuite> <!-- Maven.testdemo -->
