<?xml version="1.0" encoding="UTF-8"?>
<!-- Generated by org.testng.reporters.JUnitReportReporter -->
<testsuite hostname="lt" failures="0" tests="1" name="Maven.NewTest" time="11.754" errors="0" timestamp="2022-07-21T08:05:58 PDT" skipped="0">
  <testcase classname="Maven.NewTest" name="f" time="11.754"/>
  <system-out/>
</testsuite> <!-- Maven.NewTest -->
